This is pdfTeX, Version 3.14159265-2.6-1.40.21 (TeX Live 2020/W32TeX) (preloaded format=pdflatex 2020.10.21)  21 OCT 2020 04:44
entering extended mode
 restricted \write18 enabled.
 %&-line parsing enabled.
**4305ass1.tex
(./4305ass1.tex
LaTeX2e <2020-10-01> patch level 1
L3 programming layer <2020-10-05> xparse <2020-03-03>
(c:/Users/Charlie/AppData/Roaming/TinyTeX/texmf-dist/tex/latex/base/article.cls
Document Class: article 2020/04/10 v1.4m Standard LaTeX document class
(c:/Users/Charlie/AppData/Roaming/TinyTeX/texmf-dist/tex/latex/base/size10.clo
File: size10.clo 2020/04/10 v1.4m Standard LaTeX file (size option)
)
\c@part=\count175
\c@section=\count176
\c@subsection=\count177
\c@subsubsection=\count178
\c@paragraph=\count179
\c@subparagraph=\count180
\c@figure=\count181
\c@table=\count182
\abovecaptionskip=\skip47
\belowcaptionskip=\skip48
\bibindent=\dimen138
) (c:/Users/Charlie/AppData/Roaming/TinyTeX/texmf-dist/tex/latex/lm/lmodern.sty
Package: lmodern 2009/10/30 v1.6 Latin Modern Fonts
LaTeX Font Info:    Overwriting symbol font `operators' in version `normal'
(Font)                  OT1/cmr/m/n --> OT1/lmr/m/n on input line 22.
LaTeX Font Info:    Overwriting symbol font `letters' in version `normal'
(Font)                  OML/cmm/m/it --> OML/lmm/m/it on input line 23.
LaTeX Font Info:    Overwriting symbol font `symbols' in version `normal'
(Font)                  OMS/cmsy/m/n --> OMS/lmsy/m/n on input line 24.
LaTeX Font Info:    Overwriting symbol font `largesymbols' in version `normal'
(Font)                  OMX/cmex/m/n --> OMX/lmex/m/n on input line 25.
LaTeX Font Info:    Overwriting symbol font `operators' in version `bold'
(Font)                  OT1/cmr/bx/n --> OT1/lmr/bx/n on input line 26.
LaTeX Font Info:    Overwriting symbol font `letters' in version `bold'
(Font)                  OML/cmm/b/it --> OML/lmm/b/it on input line 27.
LaTeX Font Info:    Overwriting symbol font `symbols' in version `bold'
(Font)                  OMS/cmsy/b/n --> OMS/lmsy/b/n on input line 28.
LaTeX Font Info:    Overwriting symbol font `largesymbols' in version `bold'
(Font)                  OMX/cmex/m/n --> OMX/lmex/m/n on input line 29.
LaTeX Font Info:    Overwriting math alphabet `\mathbf' in version `normal'
(Font)                  OT1/cmr/bx/n --> OT1/lmr/bx/n on input line 31.
LaTeX Font Info:    Overwriting math alphabet `\mathsf' in version `normal'
(Font)                  OT1/cmss/m/n --> OT1/lmss/m/n on input line 32.
LaTeX Font Info:    Overwriting math alphabet `\mathit' in version `normal'
(Font)                  OT1/cmr/m/it --> OT1/lmr/m/it on input line 33.
LaTeX Font Info:    Overwriting math alphabet `\mathtt' in version `normal'
(Font)                  OT1/cmtt/m/n --> OT1/lmtt/m/n on input line 34.
LaTeX Font Info:    Overwriting math alphabet `\mathbf' in version `bold'
(Font)                  OT1/cmr/bx/n --> OT1/lmr/bx/n on input line 35.
LaTeX Font Info:    Overwriting math alphabet `\mathsf' in version `bold'
(Font)                  OT1/cmss/bx/n --> OT1/lmss/bx/n on input line 36.
LaTeX Font Info:    Overwriting math alphabet `\mathit' in version `bold'
(Font)                  OT1/cmr/bx/it --> OT1/lmr/bx/it on input line 37.
LaTeX Font Info:    Overwriting math alphabet `\mathtt' in version `bold'
(Font)                  OT1/cmtt/m/n --> OT1/lmtt/m/n on input line 38.
)
(c:/Users/Charlie/AppData/Roaming/TinyTeX/texmf-dist/tex/latex/amsfonts/amssymb
.sty
Package: amssymb 2013/01/14 v3.01 AMS font symbols

(c:/Users/Charlie/AppData/Roaming/TinyTeX/texmf-dist/tex/latex/amsfonts/amsfont
s.sty
Package: amsfonts 2013/01/14 v3.01 Basic AMSFonts support
\@emptytoks=\toks15
\symAMSa=\mathgroup4
\symAMSb=\mathgroup5
LaTeX Font Info:    Redeclaring math symbol \hbar on input line 98.
LaTeX Font Info:    Overwriting math alphabet `\mathfrak' in version `bold'
(Font)                  U/euf/m/n --> U/euf/b/n on input line 106.
))
(c:/Users/Charlie/AppData/Roaming/TinyTeX/texmf-dist/tex/latex/amsmath/amsmath.
sty
Package: amsmath 2020/09/23 v2.17i AMS math features
\@mathmargin=\skip49
For additional information on amsmath, use the `?' option.

(c:/Users/Charlie/AppData/Roaming/TinyTeX/texmf-dist/tex/latex/amsmath/amstext.
sty
Package: amstext 2000/06/29 v2.01 AMS text

(c:/Users/Charlie/AppData/Roaming/TinyTeX/texmf-dist/tex/latex/amsmath/amsgen.s
ty
File: amsgen.sty 1999/11/30 v2.0 generic functions
\@emptytoks=\toks16
\ex@=\dimen139
))
(c:/Users/Charlie/AppData/Roaming/TinyTeX/texmf-dist/tex/latex/amsmath/amsbsy.s
ty
Package: amsbsy 1999/11/29 v1.2d Bold Symbols
\pmbraise@=\dimen140
)
(c:/Users/Charlie/AppData/Roaming/TinyTeX/texmf-dist/tex/latex/amsmath/amsopn.s
ty
Package: amsopn 2016/03/08 v2.02 operator names
)
\inf@bad=\count183
LaTeX Info: Redefining \frac on input line 234.
\uproot@=\count184
\leftroot@=\count185
LaTeX Info: Redefining \overline on input line 399.
\classnum@=\count186
\DOTSCASE@=\count187
LaTeX Info: Redefining \ldots on input line 496.
LaTeX Info: Redefining \dots on input line 499.
LaTeX Info: Redefining \cdots on input line 620.
\Mathstrutbox@=\box47
\strutbox@=\box48
\big@size=\dimen141
LaTeX Font Info:    Redeclaring font encoding OML on input line 743.
LaTeX Font Info:    Redeclaring font encoding OMS on input line 744.
\macc@depth=\count188
\c@MaxMatrixCols=\count189
\dotsspace@=\muskip16
\c@parentequation=\count190
\dspbrk@lvl=\count191
\tag@help=\toks17
\row@=\count192
\column@=\count193
\maxfields@=\count194
\andhelp@=\toks18
\eqnshift@=\dimen142
\alignsep@=\dimen143
\tagshift@=\dimen144
\tagwidth@=\dimen145
\totwidth@=\dimen146
\lineht@=\dimen147
\@envbody=\toks19
\multlinegap=\skip50
\multlinetaggap=\skip51
\mathdisplay@stack=\toks20
LaTeX Info: Redefining \[ on input line 2923.
LaTeX Info: Redefining \] on input line 2924.
)
(c:/Users/Charlie/AppData/Roaming/TinyTeX/texmf-dist/tex/generic/iftex/ifxetex.
sty
Package: ifxetex 2019/10/25 v0.7 ifxetex legacy package. Use iftex instead.

(c:/Users/Charlie/AppData/Roaming/TinyTeX/texmf-dist/tex/generic/iftex/iftex.st
y
Package: iftex 2020/03/06 v1.0d TeX engine tests
))
(c:/Users/Charlie/AppData/Roaming/TinyTeX/texmf-dist/tex/generic/iftex/ifluatex
.sty
Package: ifluatex 2019/10/25 v1.5 ifluatex legacy package. Use iftex instead.
)
(c:/Users/Charlie/AppData/Roaming/TinyTeX/texmf-dist/tex/latex/base/fontenc.sty
Package: fontenc 2020/08/10 v2.0s Standard LaTeX package
LaTeX Font Info:    Trying to load font information for T1+lmr on input line 11
2.
(c:/Users/Charlie/AppData/Roaming/TinyTeX/texmf-dist/tex/latex/lm/t1lmr.fd
File: t1lmr.fd 2009/10/30 v1.6 Font defs for Latin Modern
))
(c:/Users/Charlie/AppData/Roaming/TinyTeX/texmf-dist/tex/latex/base/inputenc.st
y
Package: inputenc 2020/08/01 v1.3d Input encoding file
\inpenc@prehook=\toks21
\inpenc@posthook=\toks22
)
(c:/Users/Charlie/AppData/Roaming/TinyTeX/texmf-dist/tex/latex/base/textcomp.st
y
Package: textcomp 2020/02/02 v2.0n Standard LaTeX package
)
(c:/Users/Charlie/AppData/Roaming/TinyTeX/texmf-dist/tex/latex/xcolor/xcolor.st
y
Package: xcolor 2016/05/11 v2.12 LaTeX color extensions (UK)

(c:/Users/Charlie/AppData/Roaming/TinyTeX/texmf-dist/tex/latex/graphics-cfg/col
or.cfg
File: color.cfg 2016/01/02 v1.6 sample color configuration
)
Package xcolor Info: Driver file: pdftex.def on input line 225.

(c:/Users/Charlie/AppData/Roaming/TinyTeX/texmf-dist/tex/latex/graphics-def/pdf
tex.def
File: pdftex.def 2020/10/05 v1.2a Graphics/color driver for pdftex
)
Package xcolor Info: Model `cmy' substituted by `cmy0' on input line 1348.
Package xcolor Info: Model `hsb' substituted by `rgb' on input line 1352.
Package xcolor Info: Model `RGB' extended on input line 1364.
Package xcolor Info: Model `HTML' substituted by `rgb' on input line 1366.
Package xcolor Info: Model `Hsb' substituted by `hsb' on input line 1367.
Package xcolor Info: Model `tHsb' substituted by `hsb' on input line 1368.
Package xcolor Info: Model `HSB' substituted by `hsb' on input line 1369.
Package xcolor Info: Model `Gray' substituted by `gray' on input line 1370.
Package xcolor Info: Model `wave' substituted by `hsb' on input line 1371.
)
(c:/Users/Charlie/AppData/Roaming/TinyTeX/texmf-dist/tex/latex/hyperref/hyperre
f.sty
Package: hyperref 2020-05-15 v7.00e Hypertext links for LaTeX

(c:/Users/Charlie/AppData/Roaming/TinyTeX/texmf-dist/tex/generic/ltxcmds/ltxcmd
s.sty
Package: ltxcmds 2020-05-10 v1.25 LaTeX kernel commands for general use (HO)
)
(c:/Users/Charlie/AppData/Roaming/TinyTeX/texmf-dist/tex/generic/pdftexcmds/pdf
texcmds.sty
Package: pdftexcmds 2020-06-27 v0.33 Utility functions of pdfTeX for LuaTeX (HO
)

(c:/Users/Charlie/AppData/Roaming/TinyTeX/texmf-dist/tex/generic/infwarerr/infw
arerr.sty
Package: infwarerr 2019/12/03 v1.5 Providing info/warning/error messages (HO)
)
Package pdftexcmds Info: \pdf@primitive is available.
Package pdftexcmds Info: \pdf@ifprimitive is available.
Package pdftexcmds Info: \pdfdraftmode found.
)
(c:/Users/Charlie/AppData/Roaming/TinyTeX/texmf-dist/tex/latex/graphics/keyval.
sty
Package: keyval 2014/10/28 v1.15 key=value parser (DPC)
\KV@toks@=\toks23
)
(c:/Users/Charlie/AppData/Roaming/TinyTeX/texmf-dist/tex/generic/kvsetkeys/kvse
tkeys.sty
Package: kvsetkeys 2019/12/15 v1.18 Key value parser (HO)
)
(c:/Users/Charlie/AppData/Roaming/TinyTeX/texmf-dist/tex/generic/kvdefinekeys/k
vdefinekeys.sty
Package: kvdefinekeys 2019-12-19 v1.6 Define keys (HO)
)
(c:/Users/Charlie/AppData/Roaming/TinyTeX/texmf-dist/tex/generic/pdfescape/pdfe
scape.sty
Package: pdfescape 2019/12/09 v1.15 Implements pdfTeX's escape features (HO)
)
(c:/Users/Charlie/AppData/Roaming/TinyTeX/texmf-dist/tex/latex/hycolor/hycolor.
sty
Package: hycolor 2020-01-27 v1.10 Color options for hyperref/bookmark (HO)
)
(c:/Users/Charlie/AppData/Roaming/TinyTeX/texmf-dist/tex/latex/letltxmacro/letl
txmacro.sty
Package: letltxmacro 2019/12/03 v1.6 Let assignment for LaTeX macros (HO)
)
(c:/Users/Charlie/AppData/Roaming/TinyTeX/texmf-dist/tex/latex/auxhook/auxhook.
sty
Package: auxhook 2019-12-17 v1.6 Hooks for auxiliary files (HO)
)
(c:/Users/Charlie/AppData/Roaming/TinyTeX/texmf-dist/tex/latex/kvoptions/kvopti
ons.sty
Package: kvoptions 2020-10-07 v3.14 Key value format for package options (HO)
)
\@linkdim=\dimen148
\Hy@linkcounter=\count195
\Hy@pagecounter=\count196

(c:/Users/Charlie/AppData/Roaming/TinyTeX/texmf-dist/tex/latex/hyperref/pd1enc.
def
File: pd1enc.def 2020-05-15 v7.00e Hyperref: PDFDocEncoding definition (HO)
Now handling font encoding PD1 ...
... no UTF-8 mapping file for font encoding PD1
)
(c:/Users/Charlie/AppData/Roaming/TinyTeX/texmf-dist/tex/generic/intcalc/intcal
c.sty
Package: intcalc 2019/12/15 v1.3 Expandable calculations with integers (HO)
)
(c:/Users/Charlie/AppData/Roaming/TinyTeX/texmf-dist/tex/generic/etexcmds/etexc
mds.sty
Package: etexcmds 2019/12/15 v1.7 Avoid name clashes with e-TeX commands (HO)
)
\Hy@SavedSpaceFactor=\count197
Package hyperref Info: Option `unicode' set `true' on input line 4338.

(c:/Users/Charlie/AppData/Roaming/TinyTeX/texmf-dist/tex/latex/hyperref/puenc.d
ef
File: puenc.def 2020-05-15 v7.00e Hyperref: PDF Unicode definition (HO)
Now handling font encoding PU ...
... no UTF-8 mapping file for font encoding PU
)
Package hyperref Info: Hyper figures OFF on input line 4464.
Package hyperref Info: Link nesting OFF on input line 4469.
Package hyperref Info: Hyper index ON on input line 4472.
Package hyperref Info: Plain pages OFF on input line 4479.
Package hyperref Info: Backreferencing OFF on input line 4484.
Package hyperref Info: Implicit mode ON; LaTeX internals redefined.
Package hyperref Info: Bookmarks ON on input line 4717.
\c@Hy@tempcnt=\count198
(c:/Users/Charlie/AppData/Roaming/TinyTeX/texmf-dist/tex/latex/url/url.sty
\Urlmuskip=\muskip17
Package: url 2013/09/16  ver 3.4  Verb mode for urls, etc.
)
LaTeX Info: Redefining \url on input line 5076.
\XeTeXLinkMargin=\dimen149

(c:/Users/Charlie/AppData/Roaming/TinyTeX/texmf-dist/tex/generic/bitset/bitset.
sty
Package: bitset 2019/12/09 v1.3 Handle bit-vector datatype (HO)

(c:/Users/Charlie/AppData/Roaming/TinyTeX/texmf-dist/tex/generic/bigintcalc/big
intcalc.sty
Package: bigintcalc 2019/12/15 v1.5 Expandable calculations on big integers (HO
)
))
\Fld@menulength=\count199
\Field@Width=\dimen150
\Fld@charsize=\dimen151
Package hyperref Info: Hyper figures OFF on input line 6347.
Package hyperref Info: Link nesting OFF on input line 6352.
Package hyperref Info: Hyper index ON on input line 6355.
Package hyperref Info: backreferencing OFF on input line 6362.
Package hyperref Info: Link coloring OFF on input line 6367.
Package hyperref Info: Link coloring with OCG OFF on input line 6372.
Package hyperref Info: PDF/A mode OFF on input line 6377.
LaTeX Info: Redefining \ref on input line 6417.
LaTeX Info: Redefining \pageref on input line 6421.

(c:/Users/Charlie/AppData/Roaming/TinyTeX/texmf-dist/tex/latex/base/atbegshi-lt
x.sty
Package: atbegshi-ltx 2020/08/17 v1.0a Emulation of the original atbegshi packa
ge
with kernel methods
)
\Hy@abspage=\count266
\c@Item=\count267
\c@Hfootnote=\count268
)
Package hyperref Info: Driver (autodetected): hpdftex.

(c:/Users/Charlie/AppData/Roaming/TinyTeX/texmf-dist/tex/latex/hyperref/hpdftex
.def
File: hpdftex.def 2020-05-15 v7.00e Hyperref driver for pdfTeX

(c:/Users/Charlie/AppData/Roaming/TinyTeX/texmf-dist/tex/latex/base/atveryend-l
tx.sty
Package: atveryend-ltx 2020/08/19 v1.0a Emulation of the original atvery packag
e
with kernel methods
)
\Fld@listcount=\count269
\c@bookmark@seq@number=\count270

(c:/Users/Charlie/AppData/Roaming/TinyTeX/texmf-dist/tex/latex/rerunfilecheck/r
erunfilecheck.sty
Package: rerunfilecheck 2019/12/05 v1.9 Rerun checks for auxiliary files (HO)

(c:/Users/Charlie/AppData/Roaming/TinyTeX/texmf-dist/tex/generic/uniquecounter/
uniquecounter.sty
Package: uniquecounter 2019/12/15 v1.4 Provide unlimited unique counter (HO)
)
Package uniquecounter Info: New unique counter `rerunfilecheck' on input line 2
86.
)
\Hy@SectionHShift=\skip52
)
(c:/Users/Charlie/AppData/Roaming/TinyTeX/texmf-dist/tex/latex/geometry/geometr
y.sty
Package: geometry 2020/01/02 v5.9 Page Geometry

(c:/Users/Charlie/AppData/Roaming/TinyTeX/texmf-dist/tex/generic/iftex/ifvtex.s
ty
Package: ifvtex 2019/10/25 v1.7 ifvtex legacy package. Use iftex instead.
)
\Gm@cnth=\count271
\Gm@cntv=\count272
\c@Gm@tempcnt=\count273
\Gm@bindingoffset=\dimen152
\Gm@wd@mp=\dimen153
\Gm@odd@mp=\dimen154
\Gm@even@mp=\dimen155
\Gm@layoutwidth=\dimen156
\Gm@layoutheight=\dimen157
\Gm@layouthoffset=\dimen158
\Gm@layoutvoffset=\dimen159
\Gm@dimlist=\toks24
)
(c:/Users/Charlie/AppData/Roaming/TinyTeX/texmf-dist/tex/latex/graphics/graphic
x.sty
Package: graphicx 2020/09/09 v1.2b Enhanced LaTeX Graphics (DPC,SPQR)

(c:/Users/Charlie/AppData/Roaming/TinyTeX/texmf-dist/tex/latex/graphics/graphic
s.sty
Package: graphics 2020/08/30 v1.4c Standard LaTeX Graphics (DPC,SPQR)

(c:/Users/Charlie/AppData/Roaming/TinyTeX/texmf-dist/tex/latex/graphics/trig.st
y
Package: trig 2016/01/03 v1.10 sin cos tan (DPC)
)
(c:/Users/Charlie/AppData/Roaming/TinyTeX/texmf-dist/tex/latex/graphics-cfg/gra
phics.cfg
File: graphics.cfg 2016/06/04 v1.11 sample graphics configuration
)
Package graphics Info: Driver file: pdftex.def on input line 105.
)
\Gin@req@height=\dimen160
\Gin@req@width=\dimen161
)
(c:/Users/Charlie/AppData/Roaming/TinyTeX/texmf-dist/tex/latex/grffile/grffile.
sty
Package: grffile 2019/11/11 v2.1 Extended file name support for graphics (legac
y)
Package grffile Info: This package is an empty stub for compatibility on input 
line 40.
)
(c:/Users/Charlie/AppData/Roaming/TinyTeX/texmf-dist/tex/latex/booktabs/booktab
s.sty
Package: booktabs 2020/01/12 v1.61803398 Publication quality tables
\heavyrulewidth=\dimen162
\lightrulewidth=\dimen163
\cmidrulewidth=\dimen164
\belowrulesep=\dimen165
\belowbottomsep=\dimen166
\aboverulesep=\dimen167
\abovetopsep=\dimen168
\cmidrulesep=\dimen169
\cmidrulekern=\dimen170
\defaultaddspace=\dimen171
\@cmidla=\count274
\@cmidlb=\count275
\@aboverulesep=\dimen172
\@belowrulesep=\dimen173
\@thisruleclass=\count276
\@lastruleclass=\count277
\@thisrulewidth=\dimen174
)
(c:/Users/Charlie/AppData/Roaming/TinyTeX/texmf-dist/tex/latex/tools/longtable.
sty
Package: longtable 2020/01/07 v4.13 Multi-page Table package (DPC)
\LTleft=\skip53
\LTright=\skip54
\LTpre=\skip55
\LTpost=\skip56
\LTchunksize=\count278
\LTcapwidth=\dimen175
\LT@head=\box49
\LT@firsthead=\box50
\LT@foot=\box51
\LT@lastfoot=\box52
\LT@cols=\count279
\LT@rows=\count280
\c@LT@tables=\count281
\c@LT@chunks=\count282
\LT@p@ftn=\toks25
) (c:/Users/Charlie/AppData/Roaming/TinyTeX/texmf-dist/tex/latex/tools/array.st
y
Package: array 2020/10/01 v2.5c Tabular extension package (FMi)
\col@sep=\dimen176
\ar@mcellbox=\box53
\extrarowheight=\dimen177
\NC@list=\toks26
\extratabsurround=\skip57
\backup@length=\skip58
\ar@cellbox=\box54
)
(c:/Users/Charlie/AppData/Roaming/TinyTeX/texmf-dist/tex/latex/multirow/multiro
w.sty
Package: multirow 2019/05/31 v2.5 Span multiple rows of a table
\multirow@colwidth=\skip59
\multirow@cntb=\count283
\multirow@dima=\skip60
\bigstrutjot=\dimen178
)
(c:/Users/Charlie/AppData/Roaming/TinyTeX/texmf-dist/tex/latex/wrapfig/wrapfig.
sty
\wrapoverhang=\dimen179
\WF@size=\dimen180
\c@WF@wrappedlines=\count284
\WF@box=\box55
\WF@everypar=\toks27
Package: wrapfig 2003/01/31  v 3.6
) (c:/Users/Charlie/AppData/Roaming/TinyTeX/texmf-dist/tex/latex/float/float.st
y
Package: float 2001/11/08 v1.3d Float enhancements (AL)
\c@float@type=\count285
\float@exts=\toks28
\float@box=\box56
\@float@everytoks=\toks29
\@floatcapt=\box57
)
(c:/Users/Charlie/AppData/Roaming/TinyTeX/texmf-dist/tex/latex/colortbl/colortb
l.sty
Package: colortbl 2020/01/04 v1.0e Color table columns (DPC)
\everycr=\toks30
\minrowclearance=\skip61
)
(c:/Users/Charlie/AppData/Roaming/TinyTeX/texmf-dist/tex/latex/pdflscape/pdflsc
ape.sty
Package: pdflscape 2019/12/05 v0.12 Display of landscape pages in PDF (HO)

(c:/Users/Charlie/AppData/Roaming/TinyTeX/texmf-dist/tex/latex/graphics/lscape.
sty
Package: lscape 2020/05/28 v3.02 Landscape Pages (DPC)
)
Package pdflscape Info: Auto-detected driver: pdftex on input line 81.
) (c:/Users/Charlie/AppData/Roaming/TinyTeX/texmf-dist/tex/latex/tabu/tabu.sty
Package: tabu 2019/01/11 v2.9 - flexible LaTeX tabulars (FC+tabu-fixed)

(c:/Users/Charlie/AppData/Roaming/TinyTeX/texmf-dist/tex/latex/varwidth/varwidt
h.sty
Package: varwidth 2009/03/30 ver 0.92;  Variable-width minipages
\@vwid@box=\box58
\sift@deathcycles=\count286
\@vwid@loff=\dimen181
\@vwid@roff=\dimen182
)
\c@taburow=\count287
\tabu@nbcols=\count288
\tabu@cnt=\count289
\tabu@Xcol=\count290
\tabu@alloc=\count291
\tabu@nested=\count292
\tabu@target=\dimen183
\tabu@spreadtarget=\dimen184
\tabu@naturalX=\dimen185
\tabucolX=\dimen186
\tabu@Xsum=\dimen187
\extrarowdepth=\dimen188
\abovetabulinesep=\dimen189
\belowtabulinesep=\dimen190
\tabustrutrule=\dimen191
\tabu@thebody=\toks31
\tabu@footnotes=\toks32
\tabu@box=\box59
\tabu@arstrutbox=\box60
\tabu@hleads=\box61
\tabu@vleads=\box62
\tabu@cellskip=\skip62
)
(c:/Users/Charlie/AppData/Roaming/TinyTeX/texmf-dist/tex/latex/threeparttable/t
hreeparttable.sty
Package: threeparttable 2003/06/13  v 3.0
\@tempboxb=\box63
)
(c:/Users/Charlie/AppData/Roaming/TinyTeX/texmf-dist/tex/latex/threeparttablex/
threeparttablex.sty
Package: threeparttablex 2013/07/23 v0.3 by daleif

(c:/Users/Charlie/AppData/Roaming/TinyTeX/texmf-dist/tex/latex/environ/environ.
sty
Package: environ 2014/05/04 v0.3 A new way to define environments

(c:/Users/Charlie/AppData/Roaming/TinyTeX/texmf-dist/tex/latex/trimspaces/trims
paces.sty
Package: trimspaces 2009/09/17 v1.1 Trim spaces around a token list
))
\TPTL@width=\skip63
) (c:/Users/Charlie/AppData/Roaming/TinyTeX/texmf-dist/tex/generic/ulem/ulem.st
y
\UL@box=\box64
\UL@hyphenbox=\box65
\UL@skip=\skip64
\UL@hook=\toks33
\UL@height=\dimen192
\UL@pe=\count293
\UL@pixel=\dimen193
\ULC@box=\box66
Package: ulem 2019/11/18
\ULdepth=\dimen194
)
(c:/Users/Charlie/AppData/Roaming/TinyTeX/texmf-dist/tex/latex/makecell/makecel
l.sty
Package: makecell 2009/08/03 V0.1e Managing of Tab Column Heads and Cells
\rotheadsize=\dimen195
\c@nlinenum=\count294
\TeXr@lab=\toks34
)
(c:/Users/Charlie/AppData/Roaming/TinyTeX/texmf-dist/tex/latex/l3backend/l3back
end-pdftex.def
File: l3backend-pdftex.def 2020-09-24 L3 backend support: PDF output (pdfTeX)
\l__kernel_color_stack_int=\count295
\l__pdf_internal_box=\box67
) (./4305ass1.aux

LaTeX Warning: Label `tab:firstLook' multiply defined.

)
\openout1 = `4305ass1.aux'.

LaTeX Font Info:    Checking defaults for OML/cmm/m/it on input line 79.
LaTeX Font Info:    ... okay on input line 79.
LaTeX Font Info:    Checking defaults for OMS/cmsy/m/n on input line 79.
LaTeX Font Info:    ... okay on input line 79.
LaTeX Font Info:    Checking defaults for OT1/cmr/m/n on input line 79.
LaTeX Font Info:    ... okay on input line 79.
LaTeX Font Info:    Checking defaults for T1/cmr/m/n on input line 79.
LaTeX Font Info:    ... okay on input line 79.
LaTeX Font Info:    Checking defaults for TS1/cmr/m/n on input line 79.
LaTeX Font Info:    ... okay on input line 79.
LaTeX Font Info:    Checking defaults for OMX/cmex/m/n on input line 79.
LaTeX Font Info:    ... okay on input line 79.
LaTeX Font Info:    Checking defaults for U/cmr/m/n on input line 79.
LaTeX Font Info:    ... okay on input line 79.
LaTeX Font Info:    Checking defaults for PD1/pdf/m/n on input line 79.
LaTeX Font Info:    ... okay on input line 79.
LaTeX Font Info:    Checking defaults for PU/pdf/m/n on input line 79.
LaTeX Font Info:    ... okay on input line 79.

(c:/Users/Charlie/AppData/Roaming/TinyTeX/texmf-dist/tex/latex/epstopdf-pkg/eps
topdf-base.sty
Package: epstopdf-base 2020-01-24 v2.11 Base part for package epstopdf
Package epstopdf-base Info: Redefining graphics rule for `.eps' on input line 4
85.

(c:/Users/Charlie/AppData/Roaming/TinyTeX/texmf-dist/tex/latex/latexconfig/epst
opdf-sys.cfg
File: epstopdf-sys.cfg 2010/07/13 v1.3 Configuration of (r)epstopdf for TeX Liv
e
))
Package hyperref Info: Link coloring OFF on input line 79.

(c:/Users/Charlie/AppData/Roaming/TinyTeX/texmf-dist/tex/latex/hyperref/nameref
.sty
Package: nameref 2019/09/16 v2.46 Cross-referencing by name of section

(c:/Users/Charlie/AppData/Roaming/TinyTeX/texmf-dist/tex/latex/refcount/refcoun
t.sty
Package: refcount 2019/12/15 v3.6 Data extraction from label references (HO)
)
(c:/Users/Charlie/AppData/Roaming/TinyTeX/texmf-dist/tex/generic/gettitlestring
/gettitlestring.sty
Package: gettitlestring 2019/12/15 v1.6 Cleanup title references (HO)
)
\c@section@level=\count296
)
LaTeX Info: Redefining \ref on input line 79.
LaTeX Info: Redefining \pageref on input line 79.
LaTeX Info: Redefining \nameref on input line 79.
(./4305ass1.out) (./4305ass1.out)
\@outlinefile=\write3
\openout3 = `4305ass1.out'.

*geometry* driver: auto-detecting
*geometry* detected driver: pdftex
*geometry* verbose mode - [ preamble ] result:
* driver: pdftex
* paper: <default>
* layout: <same size as paper>
* layoutoffset:(h,v)=(0.0pt,0.0pt)
* modes: 
* h-part:(L,W,R)=(72.26999pt, 469.75502pt, 72.26999pt)
* v-part:(T,H,B)=(72.26999pt, 650.43001pt, 72.26999pt)
* \paperwidth=614.295pt
* \paperheight=794.96999pt
* \textwidth=469.75502pt
* \textheight=650.43001pt
* \oddsidemargin=0.0pt
* \evensidemargin=0.0pt
* \topmargin=-37.0pt
* \headheight=12.0pt
* \headsep=25.0pt
* \topskip=10.0pt
* \footskip=30.0pt
* \marginparwidth=65.0pt
* \marginparsep=11.0pt
* \columnsep=10.0pt
* \skip\footins=9.0pt plus 4.0pt minus 2.0pt
* \hoffset=0.0pt
* \voffset=0.0pt
* \mag=1000
* \@twocolumnfalse
* \@twosidefalse
* \@mparswitchfalse
* \@reversemarginfalse
* (1in=72.27pt=25.4mm, 1cm=28.453pt)

LaTeX Font Info:    Trying to load font information for OT1+lmr on input line 8
1.
(c:/Users/Charlie/AppData/Roaming/TinyTeX/texmf-dist/tex/latex/lm/ot1lmr.fd
File: ot1lmr.fd 2009/10/30 v1.6 Font defs for Latin Modern
)
LaTeX Font Info:    Trying to load font information for OML+lmm on input line 8
1.
(c:/Users/Charlie/AppData/Roaming/TinyTeX/texmf-dist/tex/latex/lm/omllmm.fd
File: omllmm.fd 2009/10/30 v1.6 Font defs for Latin Modern
)
LaTeX Font Info:    Trying to load font information for OMS+lmsy on input line 
81.
(c:/Users/Charlie/AppData/Roaming/TinyTeX/texmf-dist/tex/latex/lm/omslmsy.fd
File: omslmsy.fd 2009/10/30 v1.6 Font defs for Latin Modern
)
LaTeX Font Info:    Trying to load font information for OMX+lmex on input line 
81.
(c:/Users/Charlie/AppData/Roaming/TinyTeX/texmf-dist/tex/latex/lm/omxlmex.fd
File: omxlmex.fd 2009/10/30 v1.6 Font defs for Latin Modern
)
LaTeX Font Info:    External font `lmex10' loaded for size
(Font)              <12> on input line 81.
LaTeX Font Info:    External font `lmex10' loaded for size
(Font)              <8> on input line 81.
LaTeX Font Info:    External font `lmex10' loaded for size
(Font)              <6> on input line 81.
LaTeX Font Info:    Trying to load font information for U+msa on input line 81.


(c:/Users/Charlie/AppData/Roaming/TinyTeX/texmf-dist/tex/latex/amsfonts/umsa.fd
File: umsa.fd 2013/01/14 v3.01 AMS symbols A
)
LaTeX Font Info:    Trying to load font information for U+msb on input line 81.


(c:/Users/Charlie/AppData/Roaming/TinyTeX/texmf-dist/tex/latex/amsfonts/umsb.fd
File: umsb.fd 2013/01/14 v3.01 AMS symbols B
) (./4305ass1.toc
LaTeX Font Info:    External font `lmex10' loaded for size
(Font)              <10> on input line 4.
LaTeX Font Info:    External font `lmex10' loaded for size
(Font)              <7> on input line 4.
LaTeX Font Info:    External font `lmex10' loaded for size
(Font)              <5> on input line 4.
)
\tf@toc=\write4
\openout4 = `4305ass1.toc'.

[1

{c:/Users/Charlie/AppData/Roaming/TinyTeX/texmf-var/fonts/map/pdftex/updmap/pdf
tex.map}]
LaTeX Font Info:    Trying to load font information for TS1+lmr on input line 1
12.
(c:/Users/Charlie/AppData/Roaming/TinyTeX/texmf-dist/tex/latex/lm/ts1lmr.fd
File: ts1lmr.fd 2009/10/30 v1.6 Font defs for Latin Modern
)
Underfull \hbox (badness 10000) in paragraph at lines 141--144

 []

[2]

LaTeX Warning: `!h' float specifier changed to `!ht'.


Overfull \hbox (10.4799pt too wide) in paragraph at lines 349--362
 [][] 
 []


LaTeX Warning: `!h' float specifier changed to `!ht'.

[3] [4pdfTeX warning (ext4): destination with the same identifier (name{table.1
}) has been already used, duplicate ignored
<argument> ...shipout:D \box_use:N \l_shipout_box 
                                                  
l.426   N
         oS and NoP values greater than 1000 were changed to NA, since it waspd
fTeX warning (ext4): destination with the same identifier (name{table.2}) has b
een already used, duplicate ignored
<argument> ...shipout:D \box_use:N \l_shipout_box 
                                                  
l.426   N
         oS and NoP values greater than 1000 were changed to NA, since it was]
Overfull \hbox (6.49391pt too wide) in paragraph at lines 440--461
 [][] 
 []

<4305ass1_files/figure-latex/unnamed-chunk-2-1.pdf, id=182, 469.755pt x 325.215
pt>
File: 4305ass1_files/figure-latex/unnamed-chunk-2-1.pdf Graphic file (type pdf)

<use 4305ass1_files/figure-latex/unnamed-chunk-2-1.pdf>
Package pdftex.def Info: 4305ass1_files/figure-latex/unnamed-chunk-2-1.pdf  use
d on input line 467.
(pdftex.def)             Requested size: 469.75386pt x 325.2142pt.
[5pdfTeX warning (ext4): destination with the same identifier (name{table.3}) h
as been already used, duplicate ignored
<argument> ...shipout:D \box_use:N \l_shipout_box 
                                                  
l.474 
       <./4305ass1_files/figure-latex/unnamed-chunk-2-1.pdf>]
<4305ass1_files/figure-latex/correlations-1.pdf, id=193, 289.08pt x 289.08pt>
File: 4305ass1_files/figure-latex/correlations-1.pdf Graphic file (type pdf)
<use 4305ass1_files/figure-latex/correlations-1.pdf>
Package pdftex.def Info: 4305ass1_files/figure-latex/correlations-1.pdf  used o
n input line 502.
(pdftex.def)             Requested size: 289.09251pt x 289.09251pt.
<4305ass1_files/figure-latex/parkvroom-1.pdf, id=194, 216.81pt x 144.54pt>
File: 4305ass1_files/figure-latex/parkvroom-1.pdf Graphic file (type pdf)
<use 4305ass1_files/figure-latex/parkvroom-1.pdf>
Package pdftex.def Info: 4305ass1_files/figure-latex/parkvroom-1.pdf  used on i
nput line 514.
(pdftex.def)             Requested size: 216.81938pt x 144.54623pt.
[6 <./4305ass1_files/figure-latex/correlations-1.pdf>]
<4305ass1_files/figure-latex/linear-1.pdf, id=209, 469.755pt x 216.81pt>
File: 4305ass1_files/figure-latex/linear-1.pdf Graphic file (type pdf)
<use 4305ass1_files/figure-latex/linear-1.pdf>
Package pdftex.def Info: 4305ass1_files/figure-latex/linear-1.pdf  used on inpu
t line 539.
(pdftex.def)             Requested size: 469.75386pt x 216.80946pt.
[7 <./4305ass1_files/figure-latex/parkvroom-1.pdf> <./4305ass1_files/figure-lat
ex/linear-1.pdf>]
<4305ass1_files/figure-latex/houseCharact-1.pdf, id=227, 578.16pt x 289.08pt>
File: 4305ass1_files/figure-latex/houseCharact-1.pdf Graphic file (type pdf)
<use 4305ass1_files/figure-latex/houseCharact-1.pdf>
Package pdftex.def Info: 4305ass1_files/figure-latex/houseCharact-1.pdf  used o
n input line 570.
(pdftex.def)             Requested size: 469.75385pt x 234.8769pt.
<4305ass1_files/figure-latex/unnamed-chunk-7-1.pdf, id=228, 289.08pt x 216.81pt
>
File: 4305ass1_files/figure-latex/unnamed-chunk-7-1.pdf Graphic file (type pdf)

<use 4305ass1_files/figure-latex/unnamed-chunk-7-1.pdf>
Package pdftex.def Info: 4305ass1_files/figure-latex/unnamed-chunk-7-1.pdf  use
d on input line 577.
(pdftex.def)             Requested size: 289.09251pt x 216.81938pt.
[8 <./4305ass1_files/figure-latex/houseCharact-1.pdf>]
<4305ass1_files/figure-latex/unnamed-chunk-8-1.pdf, id=239, 469.755pt x 325.215
pt>
File: 4305ass1_files/figure-latex/unnamed-chunk-8-1.pdf Graphic file (type pdf)

<use 4305ass1_files/figure-latex/unnamed-chunk-8-1.pdf>
Package pdftex.def Info: 4305ass1_files/figure-latex/unnamed-chunk-8-1.pdf  use
d on input line 591.
(pdftex.def)             Requested size: 469.75386pt x 325.2142pt.
[9 <./4305ass1_files/figure-latex/unnamed-chunk-7-1.pdf> <./4305ass1_files/figu
re-latex/unnamed-chunk-8-1.pdf>] [10]
LaTeX Font Info:    Trying to load font information for T1+lmtt on input line 7
03.
(c:/Users/Charlie/AppData/Roaming/TinyTeX/texmf-dist/tex/latex/lm/t1lmtt.fd
File: t1lmtt.fd 2009/10/30 v1.6 Font defs for Latin Modern
)
<4305ass1_files/figure-latex/outlierPlots-1.pdf, id=264, 469.755pt x 216.81pt>
File: 4305ass1_files/figure-latex/outlierPlots-1.pdf Graphic file (type pdf)
<use 4305ass1_files/figure-latex/outlierPlots-1.pdf>
Package pdftex.def Info: 4305ass1_files/figure-latex/outlierPlots-1.pdf  used o
n input line 742.
(pdftex.def)             Requested size: 469.75386pt x 216.80946pt.
[11]
<4305ass1_files/figure-latex/outlierPlots-2.pdf, id=275, 469.755pt x 216.81pt>
File: 4305ass1_files/figure-latex/outlierPlots-2.pdf Graphic file (type pdf)
<use 4305ass1_files/figure-latex/outlierPlots-2.pdf>
Package pdftex.def Info: 4305ass1_files/figure-latex/outlierPlots-2.pdf  used o
n input line 744.
(pdftex.def)             Requested size: 469.75386pt x 216.80946pt.
<4305ass1_files/figure-latex/outlierPlots-3.pdf, id=276, 469.755pt x 216.81pt>
File: 4305ass1_files/figure-latex/outlierPlots-3.pdf Graphic file (type pdf)
<use 4305ass1_files/figure-latex/outlierPlots-3.pdf>
Package pdftex.def Info: 4305ass1_files/figure-latex/outlierPlots-3.pdf  used o
n input line 746.
(pdftex.def)             Requested size: 469.75386pt x 216.80946pt.
[12 <./4305ass1_files/figure-latex/outlierPlots-1.pdf> <./4305ass1_files/figure
-latex/outlierPlots-2.pdf>]
<4305ass1_files/figure-latex/outlierPlots-4.pdf, id=293, 469.755pt x 216.81pt>
File: 4305ass1_files/figure-latex/outlierPlots-4.pdf Graphic file (type pdf)
<use 4305ass1_files/figure-latex/outlierPlots-4.pdf>
Package pdftex.def Info: 4305ass1_files/figure-latex/outlierPlots-4.pdf  used o
n input line 748.
(pdftex.def)             Requested size: 469.75386pt x 216.80946pt.
<4305ass1_files/figure-latex/outlierPlots-5.pdf, id=294, 469.755pt x 216.81pt>
File: 4305ass1_files/figure-latex/outlierPlots-5.pdf Graphic file (type pdf)
<use 4305ass1_files/figure-latex/outlierPlots-5.pdf>
Package pdftex.def Info: 4305ass1_files/figure-latex/outlierPlots-5.pdf  used o
n input line 750.
(pdftex.def)             Requested size: 469.75386pt x 216.80946pt.
[13 <./4305ass1_files/figure-latex/outlierPlots-3.pdf> <./4305ass1_files/figure
-latex/outlierPlots-4.pdf>]
<4305ass1_files/figure-latex/outlierPlots-6.pdf, id=312, 469.755pt x 216.81pt>
File: 4305ass1_files/figure-latex/outlierPlots-6.pdf Graphic file (type pdf)
<use 4305ass1_files/figure-latex/outlierPlots-6.pdf>
Package pdftex.def Info: 4305ass1_files/figure-latex/outlierPlots-6.pdf  used o
n input line 752.
(pdftex.def)             Requested size: 469.75386pt x 216.80946pt.
<4305ass1_files/figure-latex/unnamed-chunk-10-1.pdf, id=313, 469.755pt x 325.21
5pt>
File: 4305ass1_files/figure-latex/unnamed-chunk-10-1.pdf Graphic file (type pdf
)
<use 4305ass1_files/figure-latex/unnamed-chunk-10-1.pdf>
Package pdftex.def Info: 4305ass1_files/figure-latex/unnamed-chunk-10-1.pdf  us
ed on input line 758.
(pdftex.def)             Requested size: 469.75386pt x 325.2142pt.
[14 <./4305ass1_files/figure-latex/outlierPlots-5.pdf> <./4305ass1_files/figure
-latex/outlierPlots-6.pdf>]
<4305ass1_files/figure-latex/interactions-1.pdf, id=331, 252.945pt x 144.54pt>
File: 4305ass1_files/figure-latex/interactions-1.pdf Graphic file (type pdf)
<use 4305ass1_files/figure-latex/interactions-1.pdf>
Package pdftex.def Info: 4305ass1_files/figure-latex/interactions-1.pdf  used o
n input line 764.
(pdftex.def)             Requested size: 252.94823pt x 144.54182pt.
<4305ass1_files/figure-latex/interactions-2.pdf, id=332, 252.945pt x 144.54pt>
File: 4305ass1_files/figure-latex/interactions-2.pdf Graphic file (type pdf)
<use 4305ass1_files/figure-latex/interactions-2.pdf>
Package pdftex.def Info: 4305ass1_files/figure-latex/interactions-2.pdf  used o
n input line 765.
(pdftex.def)             Requested size: 252.94823pt x 144.54182pt.
<4305ass1_files/figure-latex/interactions-3.pdf, id=333, 252.945pt x 144.54pt>
File: 4305ass1_files/figure-latex/interactions-3.pdf Graphic file (type pdf)
<use 4305ass1_files/figure-latex/interactions-3.pdf>
Package pdftex.def Info: 4305ass1_files/figure-latex/interactions-3.pdf  used o
n input line 766.
(pdftex.def)             Requested size: 252.94823pt x 144.54182pt.
<4305ass1_files/figure-latex/interactions-4.pdf, id=334, 252.945pt x 144.54pt>
File: 4305ass1_files/figure-latex/interactions-4.pdf Graphic file (type pdf)
<use 4305ass1_files/figure-latex/interactions-4.pdf>
Package pdftex.def Info: 4305ass1_files/figure-latex/interactions-4.pdf  used o
n input line 767.
(pdftex.def)             Requested size: 252.94823pt x 144.54182pt.
<4305ass1_files/figure-latex/interactions-5.pdf, id=335, 252.945pt x 144.54pt>
File: 4305ass1_files/figure-latex/interactions-5.pdf Graphic file (type pdf)
<use 4305ass1_files/figure-latex/interactions-5.pdf>
Package pdftex.def Info: 4305ass1_files/figure-latex/interactions-5.pdf  used o
n input line 768.
(pdftex.def)             Requested size: 252.94823pt x 144.54182pt.
<4305ass1_files/figure-latex/interactions-6.pdf, id=336, 252.945pt x 144.54pt>
File: 4305ass1_files/figure-latex/interactions-6.pdf Graphic file (type pdf)
<use 4305ass1_files/figure-latex/interactions-6.pdf>
Package pdftex.def Info: 4305ass1_files/figure-latex/interactions-6.pdf  used o
n input line 769.
(pdftex.def)             Requested size: 252.94823pt x 144.54182pt.
<4305ass1_files/figure-latex/interactions-7.pdf, id=337, 252.945pt x 144.54pt>
File: 4305ass1_files/figure-latex/interactions-7.pdf Graphic file (type pdf)
<use 4305ass1_files/figure-latex/interactions-7.pdf>
Package pdftex.def Info: 4305ass1_files/figure-latex/interactions-7.pdf  used o
n input line 770.
(pdftex.def)             Requested size: 252.94823pt x 144.54182pt.
<4305ass1_files/figure-latex/interactions-8.pdf, id=338, 252.945pt x 144.54pt>
File: 4305ass1_files/figure-latex/interactions-8.pdf Graphic file (type pdf)
<use 4305ass1_files/figure-latex/interactions-8.pdf>
Package pdftex.def Info: 4305ass1_files/figure-latex/interactions-8.pdf  used o
n input line 771.
(pdftex.def)             Requested size: 252.94823pt x 144.54182pt.
<4305ass1_files/figure-latex/interactions-9.pdf, id=339, 252.945pt x 144.54pt>
File: 4305ass1_files/figure-latex/interactions-9.pdf Graphic file (type pdf)
<use 4305ass1_files/figure-latex/interactions-9.pdf>
Package pdftex.def Info: 4305ass1_files/figure-latex/interactions-9.pdf  used o
n input line 772.
(pdftex.def)             Requested size: 252.94823pt x 144.54182pt.
<4305ass1_files/figure-latex/interactions-10.pdf, id=340, 252.945pt x 144.54pt>

File: 4305ass1_files/figure-latex/interactions-10.pdf Graphic file (type pdf)
<use 4305ass1_files/figure-latex/interactions-10.pdf>
Package pdftex.def Info: 4305ass1_files/figure-latex/interactions-10.pdf  used 
on input line 773.
(pdftex.def)             Requested size: 252.94823pt x 144.54182pt.
<4305ass1_files/figure-latex/interactions-11.pdf, id=341, 252.945pt x 144.54pt>

File: 4305ass1_files/figure-latex/interactions-11.pdf Graphic file (type pdf)
<use 4305ass1_files/figure-latex/interactions-11.pdf>
Package pdftex.def Info: 4305ass1_files/figure-latex/interactions-11.pdf  used 
on input line 774.
(pdftex.def)             Requested size: 252.94823pt x 144.54182pt.
<4305ass1_files/figure-latex/interactions-12.pdf, id=342, 252.945pt x 144.54pt>

File: 4305ass1_files/figure-latex/interactions-12.pdf Graphic file (type pdf)
<use 4305ass1_files/figure-latex/interactions-12.pdf>
Package pdftex.def Info: 4305ass1_files/figure-latex/interactions-12.pdf  used 
on input line 775.
(pdftex.def)             Requested size: 252.94823pt x 144.54182pt.
<4305ass1_files/figure-latex/interactions-13.pdf, id=343, 252.945pt x 144.54pt>

File: 4305ass1_files/figure-latex/interactions-13.pdf Graphic file (type pdf)
<use 4305ass1_files/figure-latex/interactions-13.pdf>
Package pdftex.def Info: 4305ass1_files/figure-latex/interactions-13.pdf  used 
on input line 776.
(pdftex.def)             Requested size: 252.94823pt x 144.54182pt.
<4305ass1_files/figure-latex/interactions-14.pdf, id=344, 252.945pt x 144.54pt>

File: 4305ass1_files/figure-latex/interactions-14.pdf Graphic file (type pdf)
<use 4305ass1_files/figure-latex/interactions-14.pdf>
Package pdftex.def Info: 4305ass1_files/figure-latex/interactions-14.pdf  used 
on input line 777.
(pdftex.def)             Requested size: 252.94823pt x 144.54182pt.
<4305ass1_files/figure-latex/interactions-15.pdf, id=345, 252.945pt x 144.54pt>

File: 4305ass1_files/figure-latex/interactions-15.pdf Graphic file (type pdf)
<use 4305ass1_files/figure-latex/interactions-15.pdf>
Package pdftex.def Info: 4305ass1_files/figure-latex/interactions-15.pdf  used 
on input line 778.
(pdftex.def)             Requested size: 252.94823pt x 144.54182pt.
<4305ass1_files/figure-latex/interactions-16.pdf, id=346, 252.945pt x 144.54pt>

File: 4305ass1_files/figure-latex/interactions-16.pdf Graphic file (type pdf)
<use 4305ass1_files/figure-latex/interactions-16.pdf>
Package pdftex.def Info: 4305ass1_files/figure-latex/interactions-16.pdf  used 
on input line 779.
(pdftex.def)             Requested size: 252.94823pt x 144.54182pt.
<4305ass1_files/figure-latex/interactions-17.pdf, id=347, 252.945pt x 144.54pt>

File: 4305ass1_files/figure-latex/interactions-17.pdf Graphic file (type pdf)
<use 4305ass1_files/figure-latex/interactions-17.pdf>
Package pdftex.def Info: 4305ass1_files/figure-latex/interactions-17.pdf  used 
on input line 780.
(pdftex.def)             Requested size: 252.94823pt x 144.54182pt.
<4305ass1_files/figure-latex/interactions-18.pdf, id=348, 252.945pt x 144.54pt>

File: 4305ass1_files/figure-latex/interactions-18.pdf Graphic file (type pdf)
<use 4305ass1_files/figure-latex/interactions-18.pdf>
Package pdftex.def Info: 4305ass1_files/figure-latex/interactions-18.pdf  used 
on input line 781.
(pdftex.def)             Requested size: 252.94823pt x 144.54182pt.
<4305ass1_files/figure-latex/interactions-19.pdf, id=349, 252.945pt x 144.54pt>

File: 4305ass1_files/figure-latex/interactions-19.pdf Graphic file (type pdf)
<use 4305ass1_files/figure-latex/interactions-19.pdf>
Package pdftex.def Info: 4305ass1_files/figure-latex/interactions-19.pdf  used 
on input line 782.
(pdftex.def)             Requested size: 252.94823pt x 144.54182pt.
<4305ass1_files/figure-latex/interactions-20.pdf, id=350, 252.945pt x 144.54pt>

File: 4305ass1_files/figure-latex/interactions-20.pdf Graphic file (type pdf)
<use 4305ass1_files/figure-latex/interactions-20.pdf>
Package pdftex.def Info: 4305ass1_files/figure-latex/interactions-20.pdf  used 
on input line 783.
(pdftex.def)             Requested size: 252.94823pt x 144.54182pt.
<4305ass1_files/figure-latex/interactions-21.pdf, id=351, 252.945pt x 144.54pt>

File: 4305ass1_files/figure-latex/interactions-21.pdf Graphic file (type pdf)
<use 4305ass1_files/figure-latex/interactions-21.pdf>
Package pdftex.def Info: 4305ass1_files/figure-latex/interactions-21.pdf  used 
on input line 784.
(pdftex.def)             Requested size: 252.94823pt x 144.54182pt.
<4305ass1_files/figure-latex/interactions-22.pdf, id=352, 252.945pt x 144.54pt>

File: 4305ass1_files/figure-latex/interactions-22.pdf Graphic file (type pdf)
<use 4305ass1_files/figure-latex/interactions-22.pdf>
Package pdftex.def Info: 4305ass1_files/figure-latex/interactions-22.pdf  used 
on input line 785.
(pdftex.def)             Requested size: 252.94823pt x 144.54182pt.
<4305ass1_files/figure-latex/interactions-23.pdf, id=353, 252.945pt x 144.54pt>

File: 4305ass1_files/figure-latex/interactions-23.pdf Graphic file (type pdf)
<use 4305ass1_files/figure-latex/interactions-23.pdf>
Package pdftex.def Info: 4305ass1_files/figure-latex/interactions-23.pdf  used 
on input line 786.
(pdftex.def)             Requested size: 252.94823pt x 144.54182pt.
<4305ass1_files/figure-latex/interactions-24.pdf, id=354, 252.945pt x 144.54pt>

File: 4305ass1_files/figure-latex/interactions-24.pdf Graphic file (type pdf)
<use 4305ass1_files/figure-latex/interactions-24.pdf>
Package pdftex.def Info: 4305ass1_files/figure-latex/interactions-24.pdf  used 
on input line 787.
(pdftex.def)             Requested size: 252.94823pt x 144.54182pt.
<4305ass1_files/figure-latex/interactions-25.pdf, id=355, 252.945pt x 144.54pt>

File: 4305ass1_files/figure-latex/interactions-25.pdf Graphic file (type pdf)
<use 4305ass1_files/figure-latex/interactions-25.pdf>
Package pdftex.def Info: 4305ass1_files/figure-latex/interactions-25.pdf  used 
on input line 788.
(pdftex.def)             Requested size: 252.94823pt x 144.54182pt.
<4305ass1_files/figure-latex/interactions-26.pdf, id=356, 252.945pt x 144.54pt>

File: 4305ass1_files/figure-latex/interactions-26.pdf Graphic file (type pdf)
<use 4305ass1_files/figure-latex/interactions-26.pdf>
Package pdftex.def Info: 4305ass1_files/figure-latex/interactions-26.pdf  used 
on input line 789.
(pdftex.def)             Requested size: 252.94823pt x 144.54182pt.
<4305ass1_files/figure-latex/interactions-27.pdf, id=357, 252.945pt x 144.54pt>

File: 4305ass1_files/figure-latex/interactions-27.pdf Graphic file (type pdf)
<use 4305ass1_files/figure-latex/interactions-27.pdf>
Package pdftex.def Info: 4305ass1_files/figure-latex/interactions-27.pdf  used 
on input line 790.
(pdftex.def)             Requested size: 252.94823pt x 144.54182pt.
<4305ass1_files/figure-latex/interactions-28.pdf, id=358, 252.945pt x 144.54pt>

File: 4305ass1_files/figure-latex/interactions-28.pdf Graphic file (type pdf)
<use 4305ass1_files/figure-latex/interactions-28.pdf>
Package pdftex.def Info: 4305ass1_files/figure-latex/interactions-28.pdf  used 
on input line 791.
(pdftex.def)             Requested size: 252.94823pt x 144.54182pt.
<4305ass1_files/figure-latex/interactions-29.pdf, id=359, 252.945pt x 144.54pt>

File: 4305ass1_files/figure-latex/interactions-29.pdf Graphic file (type pdf)
<use 4305ass1_files/figure-latex/interactions-29.pdf>
Package pdftex.def Info: 4305ass1_files/figure-latex/interactions-29.pdf  used 
on input line 792.
(pdftex.def)             Requested size: 252.94823pt x 144.54182pt.
<4305ass1_files/figure-latex/interactions-30.pdf, id=360, 252.945pt x 144.54pt>

File: 4305ass1_files/figure-latex/interactions-30.pdf Graphic file (type pdf)
<use 4305ass1_files/figure-latex/interactions-30.pdf>
Package pdftex.def Info: 4305ass1_files/figure-latex/interactions-30.pdf  used 
on input line 793.
(pdftex.def)             Requested size: 252.94823pt x 144.54182pt.
<4305ass1_files/figure-latex/interactions-31.pdf, id=361, 252.945pt x 144.54pt>

File: 4305ass1_files/figure-latex/interactions-31.pdf Graphic file (type pdf)
<use 4305ass1_files/figure-latex/interactions-31.pdf>
Package pdftex.def Info: 4305ass1_files/figure-latex/interactions-31.pdf  used 
on input line 794.
(pdftex.def)             Requested size: 252.94823pt x 144.54182pt.
<4305ass1_files/figure-latex/interactions-32.pdf, id=362, 252.945pt x 144.54pt>

File: 4305ass1_files/figure-latex/interactions-32.pdf Graphic file (type pdf)
<use 4305ass1_files/figure-latex/interactions-32.pdf>
Package pdftex.def Info: 4305ass1_files/figure-latex/interactions-32.pdf  used 
on input line 795.
(pdftex.def)             Requested size: 252.94823pt x 144.54182pt.
<4305ass1_files/figure-latex/interactions-33.pdf, id=363, 252.945pt x 144.54pt>

File: 4305ass1_files/figure-latex/interactions-33.pdf Graphic file (type pdf)
<use 4305ass1_files/figure-latex/interactions-33.pdf>
Package pdftex.def Info: 4305ass1_files/figure-latex/interactions-33.pdf  used 
on input line 796.
(pdftex.def)             Requested size: 252.94823pt x 144.54182pt.
<4305ass1_files/figure-latex/interactions-34.pdf, id=364, 252.945pt x 144.54pt>

File: 4305ass1_files/figure-latex/interactions-34.pdf Graphic file (type pdf)
<use 4305ass1_files/figure-latex/interactions-34.pdf>
Package pdftex.def Info: 4305ass1_files/figure-latex/interactions-34.pdf  used 
on input line 797.
(pdftex.def)             Requested size: 252.94823pt x 144.54182pt.
<4305ass1_files/figure-latex/interactions-35.pdf, id=365, 252.945pt x 144.54pt>

File: 4305ass1_files/figure-latex/interactions-35.pdf Graphic file (type pdf)
<use 4305ass1_files/figure-latex/interactions-35.pdf>
Package pdftex.def Info: 4305ass1_files/figure-latex/interactions-35.pdf  used 
on input line 798.
(pdftex.def)             Requested size: 252.94823pt x 144.54182pt.
<4305ass1_files/figure-latex/interactions-36.pdf, id=366, 252.945pt x 144.54pt>

File: 4305ass1_files/figure-latex/interactions-36.pdf Graphic file (type pdf)
<use 4305ass1_files/figure-latex/interactions-36.pdf>
Package pdftex.def Info: 4305ass1_files/figure-latex/interactions-36.pdf  used 
on input line 799.
(pdftex.def)             Requested size: 252.94823pt x 144.54182pt.
<4305ass1_files/figure-latex/interactions-37.pdf, id=367, 252.945pt x 144.54pt>

File: 4305ass1_files/figure-latex/interactions-37.pdf Graphic file (type pdf)
<use 4305ass1_files/figure-latex/interactions-37.pdf>
Package pdftex.def Info: 4305ass1_files/figure-latex/interactions-37.pdf  used 
on input line 800.
(pdftex.def)             Requested size: 252.94823pt x 144.54182pt.
<4305ass1_files/figure-latex/interactions-38.pdf, id=368, 252.945pt x 144.54pt>

File: 4305ass1_files/figure-latex/interactions-38.pdf Graphic file (type pdf)
<use 4305ass1_files/figure-latex/interactions-38.pdf>
Package pdftex.def Info: 4305ass1_files/figure-latex/interactions-38.pdf  used 
on input line 801.
(pdftex.def)             Requested size: 252.94823pt x 144.54182pt.
<4305ass1_files/figure-latex/interactions-39.pdf, id=369, 252.945pt x 144.54pt>

File: 4305ass1_files/figure-latex/interactions-39.pdf Graphic file (type pdf)
<use 4305ass1_files/figure-latex/interactions-39.pdf>
Package pdftex.def Info: 4305ass1_files/figure-latex/interactions-39.pdf  used 
on input line 802.
(pdftex.def)             Requested size: 252.94823pt x 144.54182pt.
<4305ass1_files/figure-latex/interactions-40.pdf, id=370, 252.945pt x 144.54pt>

File: 4305ass1_files/figure-latex/interactions-40.pdf Graphic file (type pdf)
<use 4305ass1_files/figure-latex/interactions-40.pdf>
Package pdftex.def Info: 4305ass1_files/figure-latex/interactions-40.pdf  used 
on input line 803.
(pdftex.def)             Requested size: 252.94823pt x 144.54182pt.
<4305ass1_files/figure-latex/interactions-41.pdf, id=371, 252.945pt x 144.54pt>

File: 4305ass1_files/figure-latex/interactions-41.pdf Graphic file (type pdf)
<use 4305ass1_files/figure-latex/interactions-41.pdf>
Package pdftex.def Info: 4305ass1_files/figure-latex/interactions-41.pdf  used 
on input line 804.
(pdftex.def)             Requested size: 252.94823pt x 144.54182pt.
<4305ass1_files/figure-latex/interactions-42.pdf, id=372, 252.945pt x 144.54pt>

File: 4305ass1_files/figure-latex/interactions-42.pdf Graphic file (type pdf)
<use 4305ass1_files/figure-latex/interactions-42.pdf>
Package pdftex.def Info: 4305ass1_files/figure-latex/interactions-42.pdf  used 
on input line 805.
(pdftex.def)             Requested size: 252.94823pt x 144.54182pt.
<4305ass1_files/figure-latex/interactions-43.pdf, id=373, 252.945pt x 144.54pt>

File: 4305ass1_files/figure-latex/interactions-43.pdf Graphic file (type pdf)
<use 4305ass1_files/figure-latex/interactions-43.pdf>
Package pdftex.def Info: 4305ass1_files/figure-latex/interactions-43.pdf  used 
on input line 806.
(pdftex.def)             Requested size: 252.94823pt x 144.54182pt.
<4305ass1_files/figure-latex/interactions-44.pdf, id=374, 252.945pt x 144.54pt>

File: 4305ass1_files/figure-latex/interactions-44.pdf Graphic file (type pdf)
<use 4305ass1_files/figure-latex/interactions-44.pdf>
Package pdftex.def Info: 4305ass1_files/figure-latex/interactions-44.pdf  used 
on input line 807.
(pdftex.def)             Requested size: 252.94823pt x 144.54182pt.
<4305ass1_files/figure-latex/interactions-45.pdf, id=375, 252.945pt x 144.54pt>

File: 4305ass1_files/figure-latex/interactions-45.pdf Graphic file (type pdf)
<use 4305ass1_files/figure-latex/interactions-45.pdf>
Package pdftex.def Info: 4305ass1_files/figure-latex/interactions-45.pdf  used 
on input line 808.
(pdftex.def)             Requested size: 252.94823pt x 144.54182pt.
<4305ass1_files/figure-latex/interactions-46.pdf, id=376, 252.945pt x 144.54pt>

File: 4305ass1_files/figure-latex/interactions-46.pdf Graphic file (type pdf)
<use 4305ass1_files/figure-latex/interactions-46.pdf>
Package pdftex.def Info: 4305ass1_files/figure-latex/interactions-46.pdf  used 
on input line 809.
(pdftex.def)             Requested size: 252.94823pt x 144.54182pt.
<4305ass1_files/figure-latex/interactions-47.pdf, id=377, 252.945pt x 144.54pt>

File: 4305ass1_files/figure-latex/interactions-47.pdf Graphic file (type pdf)
<use 4305ass1_files/figure-latex/interactions-47.pdf>
Package pdftex.def Info: 4305ass1_files/figure-latex/interactions-47.pdf  used 
on input line 810.
(pdftex.def)             Requested size: 252.94823pt x 144.54182pt.
<4305ass1_files/figure-latex/interactions-48.pdf, id=378, 252.945pt x 144.54pt>

File: 4305ass1_files/figure-latex/interactions-48.pdf Graphic file (type pdf)
<use 4305ass1_files/figure-latex/interactions-48.pdf>
Package pdftex.def Info: 4305ass1_files/figure-latex/interactions-48.pdf  used 
on input line 811.
(pdftex.def)             Requested size: 252.94823pt x 144.54182pt.
<4305ass1_files/figure-latex/interactions-49.pdf, id=379, 252.945pt x 144.54pt>

File: 4305ass1_files/figure-latex/interactions-49.pdf Graphic file (type pdf)
<use 4305ass1_files/figure-latex/interactions-49.pdf>
Package pdftex.def Info: 4305ass1_files/figure-latex/interactions-49.pdf  used 
on input line 812.
(pdftex.def)             Requested size: 252.94823pt x 144.54182pt.
<4305ass1_files/figure-latex/interactions-50.pdf, id=380, 252.945pt x 144.54pt>

File: 4305ass1_files/figure-latex/interactions-50.pdf Graphic file (type pdf)
<use 4305ass1_files/figure-latex/interactions-50.pdf>
Package pdftex.def Info: 4305ass1_files/figure-latex/interactions-50.pdf  used 
on input line 813.
(pdftex.def)             Requested size: 252.94823pt x 144.54182pt.
<4305ass1_files/figure-latex/interactions-51.pdf, id=381, 252.945pt x 144.54pt>

File: 4305ass1_files/figure-latex/interactions-51.pdf Graphic file (type pdf)
<use 4305ass1_files/figure-latex/interactions-51.pdf>
Package pdftex.def Info: 4305ass1_files/figure-latex/interactions-51.pdf  used 
on input line 814.
(pdftex.def)             Requested size: 252.94823pt x 144.54182pt.
<4305ass1_files/figure-latex/interactions-52.pdf, id=382, 252.945pt x 144.54pt>

File: 4305ass1_files/figure-latex/interactions-52.pdf Graphic file (type pdf)
<use 4305ass1_files/figure-latex/interactions-52.pdf>
Package pdftex.def Info: 4305ass1_files/figure-latex/interactions-52.pdf  used 
on input line 815.
(pdftex.def)             Requested size: 252.94823pt x 144.54182pt.
<4305ass1_files/figure-latex/interactions-53.pdf, id=383, 252.945pt x 144.54pt>

File: 4305ass1_files/figure-latex/interactions-53.pdf Graphic file (type pdf)
<use 4305ass1_files/figure-latex/interactions-53.pdf>
Package pdftex.def Info: 4305ass1_files/figure-latex/interactions-53.pdf  used 
on input line 816.
(pdftex.def)             Requested size: 252.94823pt x 144.54182pt.
<4305ass1_files/figure-latex/interactions-54.pdf, id=384, 252.945pt x 144.54pt>

File: 4305ass1_files/figure-latex/interactions-54.pdf Graphic file (type pdf)
<use 4305ass1_files/figure-latex/interactions-54.pdf>
Package pdftex.def Info: 4305ass1_files/figure-latex/interactions-54.pdf  used 
on input line 817.
(pdftex.def)             Requested size: 252.94823pt x 144.54182pt.
<4305ass1_files/figure-latex/interactions-55.pdf, id=385, 252.945pt x 144.54pt>

File: 4305ass1_files/figure-latex/interactions-55.pdf Graphic file (type pdf)
<use 4305ass1_files/figure-latex/interactions-55.pdf>
Package pdftex.def Info: 4305ass1_files/figure-latex/interactions-55.pdf  used 
on input line 818.
(pdftex.def)             Requested size: 252.94823pt x 144.54182pt.

Overfull \hbox (38.36365pt too wide) in paragraph at lines 764--819
[] []
 []


Overfull \hbox (38.36365pt too wide) in paragraph at lines 764--819
[] []
 []


Overfull \hbox (38.36365pt too wide) in paragraph at lines 764--819
[] []
 []


Overfull \hbox (38.36365pt too wide) in paragraph at lines 764--819
[] []
 []


Overfull \hbox (38.36365pt too wide) in paragraph at lines 764--819
[] []
 []


Overfull \hbox (38.36365pt too wide) in paragraph at lines 764--819
[] []
 []


Overfull \hbox (38.36365pt too wide) in paragraph at lines 764--819
[] []
 []


Overfull \hbox (38.36365pt too wide) in paragraph at lines 764--819
[] []
 []


Overfull \hbox (38.36365pt too wide) in paragraph at lines 764--819
[] []
 []


Overfull \hbox (38.36365pt too wide) in paragraph at lines 764--819
[] []
 []


Overfull \hbox (38.36365pt too wide) in paragraph at lines 764--819
[] []
 []


Overfull \hbox (38.36365pt too wide) in paragraph at lines 764--819
[] []
 []


Overfull \hbox (38.36365pt too wide) in paragraph at lines 764--819
[] []
 []


Overfull \hbox (38.36365pt too wide) in paragraph at lines 764--819
[] []
 []


Overfull \hbox (38.36365pt too wide) in paragraph at lines 764--819
[] []
 []


Overfull \hbox (38.36365pt too wide) in paragraph at lines 764--819
[] []
 []


Overfull \hbox (38.36365pt too wide) in paragraph at lines 764--819
[] []
 []


Overfull \hbox (38.36365pt too wide) in paragraph at lines 764--819
[] []
 []


Overfull \hbox (38.36365pt too wide) in paragraph at lines 764--819
[] []
 []


Overfull \hbox (38.36365pt too wide) in paragraph at lines 764--819
[] []
 []


Overfull \hbox (38.36365pt too wide) in paragraph at lines 764--819
[] []
 []


Overfull \hbox (38.36365pt too wide) in paragraph at lines 764--819
[] []
 []


Overfull \hbox (38.36365pt too wide) in paragraph at lines 764--819
[] []
 []


Overfull \hbox (38.36365pt too wide) in paragraph at lines 764--819
[] []
 []


Overfull \hbox (38.36365pt too wide) in paragraph at lines 764--819
[] []
 []


Overfull \hbox (38.36365pt too wide) in paragraph at lines 764--819
[] []
 []


Overfull \hbox (38.36365pt too wide) in paragraph at lines 764--819
[] []
 []

[15 <./4305ass1_files/figure-latex/unnamed-chunk-10-1.pdf>] [16 <./4305ass1_fil
es/figure-latex/interactions-1.pdf> <./4305ass1_files/figure-latex/interactions
-2.pdf> <./4305ass1_files/figure-latex/interactions-3.pdf> <./4305ass1_files/fi
gure-latex/interactions-4.pdf> <./4305ass1_files/figure-latex/interactions-5.pd
f> <./4305ass1_files/figure-latex/interactions-6.pdf> <./4305ass1_files/figure-
latex/interactions-7.pdf> <./4305ass1_files/figure-latex/interactions-8.pdf>] [
17 <./4305ass1_files/figure-latex/interactions-9.pdf> <./4305ass1_files/figure-
latex/interactions-10.pdf> <./4305ass1_files/figure-latex/interactions-11.pdf> 
<./4305ass1_files/figure-latex/interactions-12.pdf> <./4305ass1_files/figure-la
tex/interactions-13.pdf> <./4305ass1_files/figure-latex/interactions-14.pdf> <.
/4305ass1_files/figure-latex/interactions-15.pdf> <./4305ass1_files/figure-late
x/interactions-16.pdf>] [18 <./4305ass1_files/figure-latex/interactions-17.pdf>
 <./4305ass1_files/figure-latex/interactions-18.pdf> <./4305ass1_files/figure-l
atex/interactions-19.pdf> <./4305ass1_files/figure-latex/interactions-20.pdf> <
./4305ass1_files/figure-latex/interactions-21.pdf> <./4305ass1_files/figure-lat
ex/interactions-22.pdf> <./4305ass1_files/figure-latex/interactions-23.pdf> <./
4305ass1_files/figure-latex/interactions-24.pdf>] [19 <./4305ass1_files/figure-
latex/interactions-25.pdf> <./4305ass1_files/figure-latex/interactions-26.pdf> 
<./4305ass1_files/figure-latex/interactions-27.pdf> <./4305ass1_files/figure-la
tex/interactions-28.pdf> <./4305ass1_files/figure-latex/interactions-29.pdf> <.
/4305ass1_files/figure-latex/interactions-30.pdf> <./4305ass1_files/figure-late
x/interactions-31.pdf> <./4305ass1_files/figure-latex/interactions-32.pdf>] [20
 <./4305ass1_files/figure-latex/interactions-33.pdf> <./4305ass1_files/figure-l
atex/interactions-34.pdf> <./4305ass1_files/figure-latex/interactions-35.pdf> <
./4305ass1_files/figure-latex/interactions-36.pdf> <./4305ass1_files/figure-lat
ex/interactions-37.pdf> <./4305ass1_files/figure-latex/interactions-38.pdf> <./
4305ass1_files/figure-latex/interactions-39.pdf> <./4305ass1_files/figure-latex
/interactions-40.pdf>] [21 <./4305ass1_files/figure-latex/interactions-41.pdf> 
<./4305ass1_files/figure-latex/interactions-42.pdf> <./4305ass1_files/figure-la
tex/interactions-43.pdf> <./4305ass1_files/figure-latex/interactions-44.pdf> <.
/4305ass1_files/figure-latex/interactions-45.pdf> <./4305ass1_files/figure-late
x/interactions-46.pdf> <./4305ass1_files/figure-latex/interactions-47.pdf> <./4
305ass1_files/figure-latex/interactions-48.pdf>]
<4305ass1_files/figure-latex/unnamed-chunk-11-1.pdf, id=663, 469.755pt x 289.08
pt>
File: 4305ass1_files/figure-latex/unnamed-chunk-11-1.pdf Graphic file (type pdf
)
<use 4305ass1_files/figure-latex/unnamed-chunk-11-1.pdf>
Package pdftex.def Info: 4305ass1_files/figure-latex/unnamed-chunk-11-1.pdf  us
ed on input line 824.
(pdftex.def)             Requested size: 469.75386pt x 289.07928pt.
<4305ass1_files/figure-latex/unnamed-chunk-11-2.pdf, id=664, 469.755pt x 289.08
pt>
File: 4305ass1_files/figure-latex/unnamed-chunk-11-2.pdf Graphic file (type pdf
)
<use 4305ass1_files/figure-latex/unnamed-chunk-11-2.pdf>
Package pdftex.def Info: 4305ass1_files/figure-latex/unnamed-chunk-11-2.pdf  us
ed on input line 825.
(pdftex.def)             Requested size: 469.75386pt x 289.07928pt.
<4305ass1_files/figure-latex/unnamed-chunk-11-3.pdf, id=665, 469.755pt x 289.08
pt>
File: 4305ass1_files/figure-latex/unnamed-chunk-11-3.pdf Graphic file (type pdf
)
<use 4305ass1_files/figure-latex/unnamed-chunk-11-3.pdf>
Package pdftex.def Info: 4305ass1_files/figure-latex/unnamed-chunk-11-3.pdf  us
ed on input line 826.
(pdftex.def)             Requested size: 469.75386pt x 289.07928pt.
<4305ass1_files/figure-latex/unnamed-chunk-11-4.pdf, id=666, 469.755pt x 289.08
pt>
File: 4305ass1_files/figure-latex/unnamed-chunk-11-4.pdf Graphic file (type pdf
)
<use 4305ass1_files/figure-latex/unnamed-chunk-11-4.pdf>
Package pdftex.def Info: 4305ass1_files/figure-latex/unnamed-chunk-11-4.pdf  us
ed on input line 827.
(pdftex.def)             Requested size: 469.75386pt x 289.07928pt.
<4305ass1_files/figure-latex/unnamed-chunk-11-5.pdf, id=667, 469.755pt x 289.08
pt>
File: 4305ass1_files/figure-latex/unnamed-chunk-11-5.pdf Graphic file (type pdf
)
<use 4305ass1_files/figure-latex/unnamed-chunk-11-5.pdf>
Package pdftex.def Info: 4305ass1_files/figure-latex/unnamed-chunk-11-5.pdf  us
ed on input line 828.
(pdftex.def)             Requested size: 469.75386pt x 289.07928pt.
<4305ass1_files/figure-latex/unnamed-chunk-11-6.pdf, id=668, 469.755pt x 289.08
pt>
File: 4305ass1_files/figure-latex/unnamed-chunk-11-6.pdf Graphic file (type pdf
)
<use 4305ass1_files/figure-latex/unnamed-chunk-11-6.pdf>
Package pdftex.def Info: 4305ass1_files/figure-latex/unnamed-chunk-11-6.pdf  us
ed on input line 829.
(pdftex.def)             Requested size: 469.75386pt x 289.07928pt.
<4305ass1_files/figure-latex/unnamed-chunk-11-7.pdf, id=669, 469.755pt x 289.08
pt>
File: 4305ass1_files/figure-latex/unnamed-chunk-11-7.pdf Graphic file (type pdf
)
<use 4305ass1_files/figure-latex/unnamed-chunk-11-7.pdf>
Package pdftex.def Info: 4305ass1_files/figure-latex/unnamed-chunk-11-7.pdf  us
ed on input line 830.
(pdftex.def)             Requested size: 469.75386pt x 289.07928pt.

Underfull \hbox (badness 10000) in paragraph at lines 824--831
[]
 []


Underfull \hbox (badness 10000) in paragraph at lines 824--831
[]
 []


Underfull \hbox (badness 10000) in paragraph at lines 824--831
[]
 []


Underfull \hbox (badness 10000) in paragraph at lines 824--831
[]
 []


Underfull \hbox (badness 10000) in paragraph at lines 824--831
[]
 []


Underfull \hbox (badness 10000) in paragraph at lines 824--831
[]
 []

[22 <./4305ass1_files/figure-latex/interactions-49.pdf> <./4305ass1_files/figur
e-latex/interactions-50.pdf> <./4305ass1_files/figure-latex/interactions-51.pdf
> <./4305ass1_files/figure-latex/interactions-52.pdf> <./4305ass1_files/figure-
latex/interactions-53.pdf> <./4305ass1_files/figure-latex/interactions-54.pdf> 
<./4305ass1_files/figure-latex/interactions-55.pdf>] [23 <./4305ass1_files/figu
re-latex/unnamed-chunk-11-1.pdf> <./4305ass1_files/figure-latex/unnamed-chunk-1
1-2.pdf>] [24 <./4305ass1_files/figure-latex/unnamed-chunk-11-3.pdf> <./4305ass
1_files/figure-latex/unnamed-chunk-11-4.pdf>] [25 <./4305ass1_files/figure-late
x/unnamed-chunk-11-5.pdf> <./4305ass1_files/figure-latex/unnamed-chunk-11-6.pdf
>] [26 <./4305ass1_files/figure-latex/unnamed-chunk-11-7.pdf>] (./4305ass1.aux)
Package rerunfilecheck Info: File `4305ass1.out' has not changed.
(rerunfilecheck)             Checksum: 5D7162AEB98675DE4D4053251064DA64;5863.

LaTeX Warning: There were multiply-defined labels.

 ) 
Here is how much of TeX's memory you used:
 12552 strings out of 481886
 199028 string characters out of 5930297
 478191 words of memory out of 5000000
 28445 multiletter control sequences out of 15000+600000
 588418 words of font info for 72 fonts, out of 8000000 for 9000
 14 hyphenation exceptions out of 8191
 60i,9n,66p,441b,396s stack positions out of 5000i,500n,10000p,200000b,80000s
{c:/Users/Charlie/AppData/Roaming/TinyTeX/texmf-dist/fonts/enc/dvips/lm/lm-ec
.enc}{c:/Users/Charlie/AppData/Roaming/TinyTeX/texmf-dist/fonts/enc/dvips/lm/lm
-ts1.enc}<c:/Users/Charlie/AppData/Roaming/TinyTeX/texmf-dist/fonts/type1/publi
c/lm/lmbx10.pfb><c:/Users/Charlie/AppData/Roaming/TinyTeX/texmf-dist/fonts/type
1/public/lm/lmbx12.pfb><c:/Users/Charlie/AppData/Roaming/TinyTeX/texmf-dist/fon
ts/type1/public/lm/lmr10.pfb><c:/Users/Charlie/AppData/Roaming/TinyTeX/texmf-di
st/fonts/type1/public/lm/lmr17.pfb><c:/Users/Charlie/AppData/Roaming/TinyTeX/te
xmf-dist/fonts/type1/public/lm/lmr7.pfb><c:/Users/Charlie/AppData/Roaming/TinyT
eX/texmf-dist/fonts/type1/public/lm/lmri10.pfb><c:/Users/Charlie/AppData/Roamin
g/TinyTeX/texmf-dist/fonts/type1/public/lm/lmtt10.pfb>
Output written on 4305ass1.pdf (26 pages, 44045812 bytes).
PDF statistics:
 813 PDF objects out of 1000 (max. 8388607)
 619 compressed objects within 7 object streams
 93 named destinations out of 1000 (max. 500000)
 597 words of extra memory for PDF output out of 10000 (max. 10000000)

